time="2022-11-03T08:54:31Z" level=debug msg="Terraform Installer was not built correctly"
time="2022-11-03T08:54:31Z" level=debug msg="Fetching Terraform Variables..."
time="2022-11-03T08:54:31Z" level=debug msg="Loading Terraform Variables..."
time="2022-11-03T08:54:31Z" level=debug msg="  Loading Cluster ID..."
time="2022-11-03T08:54:31Z" level=debug msg="    Loading Install Config..."
time="2022-11-03T08:54:31Z" level=debug msg="      Loading SSH Key..."
time="2022-11-03T08:54:31Z" level=debug msg="      Using SSH Key loaded from state file"
time="2022-11-03T08:54:31Z" level=debug msg="      Loading Base Domain..."
time="2022-11-03T08:54:31Z" level=debug msg="        Loading Platform..."
time="2022-11-03T08:54:31Z" level=debug msg="        Using Platform loaded from state file"
time="2022-11-03T08:54:31Z" level=debug msg="      Using Base Domain loaded from state file"
time="2022-11-03T08:54:31Z" level=debug msg="      Loading Cluster Name..."
time="2022-11-03T08:54:31Z" level=debug msg="        Loading Base Domain..."
time="2022-11-03T08:54:31Z" level=debug msg="        Loading Platform..."
time="2022-11-03T08:54:31Z" level=debug msg="      Using Cluster Name loaded from state file"
time="2022-11-03T08:54:31Z" level=debug msg="      Loading Networking..."
time="2022-11-03T08:54:31Z" level=debug msg="        Loading Platform..."
time="2022-11-03T08:54:31Z" level=debug msg="      Using Networking loaded from state file"
time="2022-11-03T08:54:31Z" level=debug msg="      Loading Pull Secret..."
time="2022-11-03T08:54:31Z" level=debug msg="      Using Pull Secret loaded from state file"
time="2022-11-03T08:54:31Z" level=debug msg="      Loading Platform..."
time="2022-11-03T08:54:31Z" level=debug msg="    Using Install Config loaded from state file"
time="2022-11-03T08:54:31Z" level=debug msg="  Using Cluster ID loaded from state file"
time="2022-11-03T08:54:31Z" level=debug msg="  Loading Install Config..."
time="2022-11-03T08:54:31Z" level=debug msg="Using Terraform Variables loaded from state file"
time="2022-11-03T08:54:31Z" level=debug msg="Reusing previously-fetched Terraform Variables"
time="2022-11-03T08:54:31Z" level=debug msg="Fetching TFE Password..."
time="2022-11-03T08:54:31Z" level=debug msg="Loading TFE Password..."
time="2022-11-03T08:54:32Z" level=debug msg="Using TFE Password loaded from state file"
time="2022-11-03T08:54:32Z" level=debug msg="Reusing previously-fetched TFE Password"
time="2022-11-03T08:54:32Z" level=debug msg="Fetching Cluster..."
time="2022-11-03T08:54:32Z" level=debug msg="Loading Cluster..."
time="2022-11-03T08:54:32Z" level=debug msg="  Loading Cluster ID..."
time="2022-11-03T08:54:32Z" level=debug msg="  Loading Install Config..."
time="2022-11-03T08:54:32Z" level=debug msg="  Loading Terraform Variables..."
time="2022-11-03T08:54:32Z" level=debug msg="  Loading TFE Password..."
time="2022-11-03T08:54:32Z" level=debug msg="  Fetching Cluster ID..."
time="2022-11-03T08:54:32Z" level=debug msg="  Reusing previously-fetched Cluster ID"
time="2022-11-03T08:54:32Z" level=debug msg="  Fetching Install Config..."
time="2022-11-03T08:54:32Z" level=debug msg="  Reusing previously-fetched Install Config"
time="2022-11-03T08:54:32Z" level=debug msg="  Fetching Terraform Variables..."
time="2022-11-03T08:54:32Z" level=debug msg="  Reusing previously-fetched Terraform Variables"
time="2022-11-03T08:54:32Z" level=debug msg="  Fetching TFE Password..."
time="2022-11-03T08:54:32Z" level=debug msg="  Reusing previously-fetched TFE Password"
time="2022-11-03T08:54:32Z" level=debug msg="Generating Cluster..."
time="2022-11-03T08:54:32Z" level=debug msg="Trace Me:\nclusterID - &{UUID:461103bc-7c45-4181-a416-390a26e9a992 InfraID:tftest-ctvbd}\ninstallconfig - &{Config:0xc000352a80 File:0xc000443680 AWS:0xc0003db8c0}\ntfvars - &{FileList:[]}"
time="2022-11-03T08:54:32Z" level=debug msg="Unpack the terraform binary to C:\\Users\\JamesBailey\\Projects\\git\\terraform_installer\\terraform"
time="2022-11-03T08:54:32Z" level=debug msg="creating C:\\Users\\JamesBailey\\Projects\\git\\terraform_installer\\terraform\\bin directory"
time="2022-11-03T08:54:32Z" level=debug msg="unpack e1, mirror/terraform; terraform.exe"
time="2022-11-03T08:54:32Z" level=debug msg="creating C:\\Users\\JamesBailey\\Projects\\git\\terraform_installer\\terraform\\bin\\terraform.exe file"
time="2022-11-03T08:54:32Z" level=debug msg="unpackfile e1, C:\\Users\\JamesBailey\\Projects\\git\\terraform_installer; mirror\\terraform\\terraform.exe; <nil>"
time="2022-11-03T08:54:32Z" level=fatal msg="failed to fetch Cluster: failed to generate asset \"Cluster\": cannot unpack terraform: open mirror\\terraform\\terraform.exe: file does not exist"
time="2022-11-03T08:58:15Z" level=debug msg="Terraform Installer was not built correctly"
time="2022-11-03T08:58:15Z" level=debug msg="Fetching Terraform Variables..."
time="2022-11-03T08:58:15Z" level=debug msg="Loading Terraform Variables..."
time="2022-11-03T08:58:15Z" level=debug msg="  Loading Cluster ID..."
time="2022-11-03T08:58:15Z" level=debug msg="    Loading Install Config..."
time="2022-11-03T08:58:15Z" level=debug msg="      Loading SSH Key..."
time="2022-11-03T08:58:15Z" level=debug msg="      Using SSH Key loaded from state file"
time="2022-11-03T08:58:15Z" level=debug msg="      Loading Base Domain..."
time="2022-11-03T08:58:15Z" level=debug msg="        Loading Platform..."
time="2022-11-03T08:58:15Z" level=debug msg="        Using Platform loaded from state file"
time="2022-11-03T08:58:15Z" level=debug msg="      Using Base Domain loaded from state file"
time="2022-11-03T08:58:15Z" level=debug msg="      Loading Cluster Name..."
time="2022-11-03T08:58:15Z" level=debug msg="        Loading Base Domain..."
time="2022-11-03T08:58:15Z" level=debug msg="        Loading Platform..."
time="2022-11-03T08:58:15Z" level=debug msg="      Using Cluster Name loaded from state file"
time="2022-11-03T08:58:15Z" level=debug msg="      Loading Networking..."
time="2022-11-03T08:58:15Z" level=debug msg="        Loading Platform..."
time="2022-11-03T08:58:15Z" level=debug msg="      Using Networking loaded from state file"
time="2022-11-03T08:58:15Z" level=debug msg="      Loading Pull Secret..."
time="2022-11-03T08:58:15Z" level=debug msg="      Using Pull Secret loaded from state file"
time="2022-11-03T08:58:15Z" level=debug msg="      Loading Platform..."
time="2022-11-03T08:58:15Z" level=debug msg="    Using Install Config loaded from state file"
time="2022-11-03T08:58:15Z" level=debug msg="  Using Cluster ID loaded from state file"
time="2022-11-03T08:58:15Z" level=debug msg="  Loading Install Config..."
time="2022-11-03T08:58:15Z" level=debug msg="Using Terraform Variables loaded from state file"
time="2022-11-03T08:58:15Z" level=debug msg="Reusing previously-fetched Terraform Variables"
time="2022-11-03T08:58:15Z" level=debug msg="Fetching TFE Password..."
time="2022-11-03T08:58:15Z" level=debug msg="Loading TFE Password..."
time="2022-11-03T08:58:15Z" level=debug msg="Using TFE Password loaded from state file"
time="2022-11-03T08:58:15Z" level=debug msg="Reusing previously-fetched TFE Password"
time="2022-11-03T08:58:15Z" level=debug msg="Fetching Cluster..."
time="2022-11-03T08:58:15Z" level=debug msg="Loading Cluster..."
time="2022-11-03T08:58:15Z" level=debug msg="  Loading Cluster ID..."
time="2022-11-03T08:58:15Z" level=debug msg="  Loading Install Config..."
time="2022-11-03T08:58:15Z" level=debug msg="  Loading Terraform Variables..."
time="2022-11-03T08:58:15Z" level=debug msg="  Loading TFE Password..."
time="2022-11-03T08:58:15Z" level=debug msg="  Fetching Cluster ID..."
time="2022-11-03T08:58:15Z" level=debug msg="  Reusing previously-fetched Cluster ID"
time="2022-11-03T08:58:15Z" level=debug msg="  Fetching Install Config..."
time="2022-11-03T08:58:15Z" level=debug msg="  Reusing previously-fetched Install Config"
time="2022-11-03T08:58:15Z" level=debug msg="  Fetching Terraform Variables..."
time="2022-11-03T08:58:15Z" level=debug msg="  Reusing previously-fetched Terraform Variables"
time="2022-11-03T08:58:15Z" level=debug msg="  Fetching TFE Password..."
time="2022-11-03T08:58:15Z" level=debug msg="  Reusing previously-fetched TFE Password"
time="2022-11-03T08:58:15Z" level=debug msg="Generating Cluster..."
time="2022-11-03T08:58:15Z" level=debug msg="Trace Me:\nclusterID - &{UUID:461103bc-7c45-4181-a416-390a26e9a992 InfraID:tftest-ctvbd}\ninstallconfig - &{Config:0xc00035aa80 File:0xc00045e5d0 AWS:0xc0003e58c0}\ntfvars - &{FileList:[]}"
time="2022-11-03T08:58:15Z" level=debug msg="Unpack the terraform binary to C:\\Users\\JamesBailey\\Projects\\git\\terraform_installer\\terraform"
time="2022-11-03T08:58:15Z" level=debug msg="creating C:\\Users\\JamesBailey\\Projects\\git\\terraform_installer\\terraform\\bin directory"
time="2022-11-03T08:58:15Z" level=debug msg="unpack e1, mirror/terraform; terraform.exe"
time="2022-11-03T08:58:15Z" level=debug msg="creating C:\\Users\\JamesBailey\\Projects\\git\\terraform_installer\\terraform\\bin\\terraform.exe file"
time="2022-11-03T08:58:15Z" level=debug msg="unpackfile e1, C:\\Users\\JamesBailey\\Projects\\git\\terraform_installer; mirror\\terraform\\terraform.exe; <nil>"
time="2022-11-03T08:58:15Z" level=fatal msg="failed to fetch Cluster: failed to generate asset \"Cluster\": cannot unpack terraform: open mirror\\terraform\\terraform.exe: file does not exist"
